<?xml version="1.0" encoding="UTF-8"?>
<testng-results ignored="0" total="1" passed="1" failed="0" skipped="0">
  <reporter-output>
  </reporter-output>
  <suite started-at="2022-04-05T22:34:11 IST" name="DemoProject" finished-at="2022-04-05T22:34:27 IST" duration-ms="16221">
    <groups>
    </groups>
    <test started-at="2022-04-05T22:34:11 IST" name="Bigbasket" finished-at="2022-04-05T22:34:27 IST" duration-ms="16221">
      <class name="com.bigbasket.testcase.TC001_HomePageTest">
        <test-method is-config="true" signature="setup()[pri:0, instance:com.bigbasket.testcase.TC001_HomePageTest@3b6ddd1d]" started-at="2022-04-05T22:34:11 IST" name="setup" finished-at="2022-04-05T22:34:18 IST" duration-ms="6973" status="PASS">
          <reporter-output>
          </reporter-output>
        </test-method> <!-- setup -->
        <test-method signature="searchItem()[pri:0, instance:com.bigbasket.testcase.TC001_HomePageTest@3b6ddd1d]" started-at="2022-04-05T22:34:18 IST" name="searchItem" finished-at="2022-04-05T22:34:27 IST" duration-ms="9223" status="PASS">
          <reporter-output>
          </reporter-output>
        </test-method> <!-- searchItem -->
        <test-method is-config="true" signature="tearDown()[pri:0, instance:com.bigbasket.testcase.TC001_HomePageTest@3b6ddd1d]" started-at="2022-04-05T22:34:27 IST" name="tearDown" finished-at="2022-04-05T22:34:27 IST" duration-ms="0" status="PASS">
          <reporter-output>
          </reporter-output>
        </test-method> <!-- tearDown -->
      </class> <!-- com.bigbasket.testcase.TC001_HomePageTest -->
    </test> <!-- Bigbasket -->
  </suite> <!-- DemoProject -->
</testng-results>
